00:06:02.763 [W54M4dPzkslJ]  INFO - [DUPCHECK] foundAccount = [null]
00:06:02.769 [W54M4dPzkslJ]  INFO - [DUPCHECK] There is no this identification. usable identification = [null]
00:22:11.416 [R2uGAyf50Uxz]  INFO - [DUPCHECK] foundAccount = [null]
00:22:11.421 [R2uGAyf50Uxz]  INFO - [DUPCHECK] There is no this identification. usable identification = [null]
00:22:57.948 [Vff50GEgHorV]  INFO - [DUPCHECK] foundAccount = [null]
00:22:57.949 [Vff50GEgHorV]  INFO - [DUPCHECK] There is no this identification. usable identification = [jtg14]
00:28:17.090 [KQtyzSxBthHl]  INFO - [DUPCHECK] foundAccount = [null]
00:28:17.090 [KQtyzSxBthHl]  INFO - [DUPCHECK] There is no this identification. usable identification = [null]
00:52:45.793 [XJrKp4PqdWGC]  INFO - [DUPCHECK] foundAccount = [null]
00:52:45.795 [XJrKp4PqdWGC]  INFO - [DUPCHECK] There is no this identification. usable identification = [Test]
00:58:27.626 [vH4k6cUdPMGd]  INFO - [DUPCHECK] foundAccount = [null]
00:58:27.628 [vH4k6cUdPMGd]  INFO - [DUPCHECK] There is no this identification. usable identification = []
01:02:30.252 [umpWWaEdi9Gu]  INFO - [DUPCHECK] foundAccount = [null]
01:02:30.254 [umpWWaEdi9Gu]  INFO - [DUPCHECK] There is no this identification. usable identification = []
01:04:40.148 [MfYviw0NiZ8x]  INFO - [DUPCHECK] foundAccount = [null]
01:04:40.149 [MfYviw0NiZ8x]  INFO - [DUPCHECK] There is no this identification. usable identification = [Jtg14]
01:05:04.671 [nE0AnU1vX7rc]  INFO - [DUPCHECK] foundAccount = [null]
01:05:04.673 [nE0AnU1vX7rc]  INFO - [DUPCHECK] There is no this identification. usable identification = [jtg14]
15:17:48.238 [yy1Xs8iP7a3Z]  INFO - [DUPCHECK] foundAccount = [null]
15:17:48.240 [yy1Xs8iP7a3Z]  INFO - [DUPCHECK] There is no this identification. usable identification = [Test]
15:29:47.427 [lKzkTSbqr5qT]  INFO - [DUPCHECK] foundAccount = [null]
15:29:47.432 [lKzkTSbqr5qT]  INFO - [DUPCHECK] There is no this identification. usable identification = [Jtg14]
15:33:45.567 [7EP2yln3aPiv]  INFO - [DUPCHECK] foundAccount = [null]
15:33:45.568 [7EP2yln3aPiv]  INFO - [DUPCHECK] There is no this identification. usable identification = [Test123]
15:36:03.223 [rNBeKohw0MQW]  INFO - [DUPCHECK] foundAccount = [null]
15:36:03.224 [rNBeKohw0MQW]  INFO - [DUPCHECK] There is no this identification. usable identification = [Test123]
15:44:50.030 [tj6uSR1edFDw]  INFO - [DUPCHECK] foundAccount = [null]
15:44:50.035 [tj6uSR1edFDw]  INFO - [DUPCHECK] There is no this identification. usable identification = [Test123]
15:46:42.657 [q9dz61BY7GGS]  INFO - [DUPCHECK] foundAccount = [null]
15:46:42.658 [q9dz61BY7GGS]  INFO - [DUPCHECK] There is no this identification. usable identification = [Terst]
15:47:23.211 [g2zSCXWW7lZP]  INFO - [DUPCHECK] foundAccount = [null]
15:47:23.212 [g2zSCXWW7lZP]  INFO - [DUPCHECK] There is no this identification. usable identification = [Fsdr12]
16:26:32.574 [T5NnM9MjAUw8]  INFO - [DUPCHECK] foundAccount = [null]
16:26:32.578 [T5NnM9MjAUw8]  INFO - [DUPCHECK] There is no this identification. usable identification = [Test123]
16:34:44.911 [4IodiL6uHgnz]  INFO - [DUPCHECK] foundAccount = [null]
16:34:44.912 [4IodiL6uHgnz]  INFO - [DUPCHECK] There is no this identification. usable identification = [Test122]
16:39:47.408 [5jkYqim6g2a7]  INFO - [DUPCHECK] foundAccount = [null]
16:39:47.410 [5jkYqim6g2a7]  INFO - [DUPCHECK] There is no this identification. usable identification = [Test123]
16:47:27.881 [i7z1SBIIYR8s]  INFO - [DUPCHECK] foundAccount = [null]
16:47:27.882 [i7z1SBIIYR8s]  INFO - [DUPCHECK] There is no this identification. usable identification = [Test]
16:50:44.385 [xiWnCMh44NA5]  INFO - [DUPCHECK] foundAccount = [null]
16:50:44.388 [xiWnCMh44NA5]  INFO - [DUPCHECK] There is no this identification. usable identification = [Test123]
17:11:35.804 [orJ8gqGMEXme]  INFO - [DUPCHECK] foundAccount = [null]
17:11:35.805 [orJ8gqGMEXme]  INFO - [DUPCHECK] There is no this identification. usable identification = [Test123]
17:28:42.017 [LMZaPk5zgLoT]  INFO - [DUPCHECK] foundAccount = [null]
17:28:42.019 [LMZaPk5zgLoT]  INFO - [DUPCHECK] There is no this identification. usable identification = [Trew]
17:30:03.037 [shQdh45ARqSp]  INFO - [DUPCHECK] foundAccount = [null]
17:30:03.038 [shQdh45ARqSp]  INFO - [DUPCHECK] There is no this identification. usable identification = [Re123]
17:39:31.076 [B37zb9nKCWnD]  INFO - [DUPCHECK] foundAccount = [null]
17:39:31.077 [B37zb9nKCWnD]  INFO - [DUPCHECK] There is no this identification. usable identification = [Test123]
17:43:15.345 [k9ZNwhUumBJS]  INFO - [DUPCHECK] foundAccount = [null]
17:43:15.346 [k9ZNwhUumBJS]  INFO - [DUPCHECK] There is no this identification. usable identification = [Tesat123]
19:11:02.956 [wiaB6Y4V6L8x]  INFO - [DUPCHECK] foundAccount = [null]
19:11:02.959 [wiaB6Y4V6L8x]  INFO - [DUPCHECK] There is no this identification. usable identification = [Dsada123]
19:12:21.609 [7PbJpBVrYJfa]  INFO - [DUPCHECK] foundAccount = [null]
19:12:21.611 [7PbJpBVrYJfa]  INFO - [DUPCHECK] There is no this identification. usable identification = [Dsad12]
19:24:29.340 [aDunTkNQ1IM3]  INFO - [DUPCHECK] foundAccount = [null]
19:24:29.342 [aDunTkNQ1IM3]  INFO - [DUPCHECK] There is no this identification. usable identification = [jtg14]
19:49:42.237 [kxfX21hGMUaL]  INFO - [DUPCHECK] foundAccount = [null]
19:49:42.242 [kxfX21hGMUaL]  INFO - [DUPCHECK] There is no this identification. usable identification = [Ewqe123]
19:50:48.875 [R0RZ1tADltI5]  INFO - [DUPCHECK] foundAccount = [null]
19:50:48.876 [R0RZ1tADltI5]  INFO - [DUPCHECK] There is no this identification. usable identification = [Tg123]
19:51:08.948 [a8CkZFKnanQ4]  INFO - [DUPCHECK] foundAccount = [null]
19:51:08.950 [a8CkZFKnanQ4]  INFO - [DUPCHECK] There is no this identification. usable identification = [Tewr12]
19:54:45.429 [DJhRZwHkFSLR]  INFO - [DUPCHECK] foundAccount = [null]
19:54:45.430 [DJhRZwHkFSLR]  INFO - [DUPCHECK] There is no this identification. usable identification = [Ewqew12]
19:56:36.050 [I35ibnA9mtwU]  INFO - [DUPCHECK] foundAccount = [null]
19:56:36.051 [I35ibnA9mtwU]  INFO - [DUPCHECK] There is no this identification. usable identification = [Ewqewq123]
19:57:08.277 [WcYORtEWfnqp]  INFO - [DUPCHECK] foundAccount = [null]
19:57:08.279 [WcYORtEWfnqp]  INFO - [DUPCHECK] There is no this identification. usable identification = [Ewqe213]
20:17:07.310 [L57ubxU15ENC]  INFO - [DUPCHECK] foundAccount = [null]
20:17:07.311 [L57ubxU15ENC]  INFO - [DUPCHECK] There is no this identification. usable identification = [jtg14]
20:32:51.339 [bvc880VIvWhf]  INFO - [DUPCHECK] foundAccount = [null]
20:32:51.341 [bvc880VIvWhf]  INFO - [DUPCHECK] There is no this identification. usable identification = [Tesa123]
20:45:10.284 [crILv41v8OXb]  INFO - [DUPCHECK] foundAccount = [null]
20:45:10.286 [crILv41v8OXb]  INFO - [DUPCHECK] There is no this identification. usable identification = [Tesat123]
20:46:05.047 [cev5zF5SGFUw]  INFO - [DUPCHECK] foundAccount = [null]
20:46:05.048 [cev5zF5SGFUw]  INFO - [DUPCHECK] There is no this identification. usable identification = [Dsa123]
21:29:48.782 [KwmGnPYgzkup]  INFO - [DUPCHECK] foundAccount = [null]
21:29:48.783 [KwmGnPYgzkup]  INFO - [DUPCHECK] There is no this identification. usable identification = [Tewr123]
21:29:58.400 [I5yihieIr1fS]  INFO - [DUPCHECK] foundAccount = [null]
21:29:58.400 [I5yihieIr1fS]  INFO - [DUPCHECK] There is no this identification. usable identification = [Tewr123]
21:31:44.415 [BDA9EpF1QwGB]  INFO - [DUPCHECK] foundAccount = [null]
21:31:44.417 [BDA9EpF1QwGB]  INFO - [DUPCHECK] There is no this identification. usable identification = [Esada123]
21:34:00.394 [thBPMsvHCV8Z]  INFO - [DUPCHECK] foundAccount = [null]
21:34:00.397 [thBPMsvHCV8Z]  INFO - [DUPCHECK] There is no this identification. usable identification = [Dsad321]
21:35:16.478 [RHcYlkZMHrrc]  INFO - [DUPCHECK] foundAccount = [null]
21:35:16.479 [RHcYlkZMHrrc]  INFO - [DUPCHECK] There is no this identification. usable identification = [Dsad213]
21:36:17.116 [ZzIIoZxBGp6g]  INFO - [DUPCHECK] foundAccount = [null]
21:36:17.117 [ZzIIoZxBGp6g]  INFO - [DUPCHECK] There is no this identification. usable identification = [Dsadas321]
21:36:38.539 [NTHjW94gwEJ9]  INFO - [DUPCHECK] foundAccount = [null]
21:36:38.541 [NTHjW94gwEJ9]  INFO - [DUPCHECK] There is no this identification. usable identification = [Dsada]
21:37:39.425 [PV4cOHOavs76]  INFO - [DUPCHECK] foundAccount = [null]
21:37:39.426 [PV4cOHOavs76]  INFO - [DUPCHECK] There is no this identification. usable identification = [Dsad321]
21:56:59.219 [a3653f5zazV2]  INFO - [DUPCHECK] foundAccount = [null]
21:56:59.222 [a3653f5zazV2]  INFO - [DUPCHECK] There is no this identification. usable identification = [Dsa121]
21:57:34.189 [1qQY0dS5kIAz]  INFO - [DUPCHECK] foundAccount = [null]
21:57:34.189 [1qQY0dS5kIAz]  INFO - [DUPCHECK] There is no this identification. usable identification = [Dsdsa321]
22:00:48.697 [hP9HlZ4Sp3Tw]  INFO - [DUPCHECK] foundAccount = [null]
22:00:48.699 [hP9HlZ4Sp3Tw]  INFO - [DUPCHECK] There is no this identification. usable identification = [Dsads]
23:10:24.821 [v612VgQBupVv]  INFO - [DUPCHECK] foundAccount = [null]
23:10:24.823 [v612VgQBupVv]  INFO - [DUPCHECK] There is no this identification. usable identification = [Test123]
23:10:55.213 [kpozg1Qenw9M]  INFO - [DUPCHECK] foundAccount = [null]
23:10:55.213 [kpozg1Qenw9M]  INFO - [DUPCHECK] There is no this identification. usable identification = [Test123]
23:11:45.800 [zApvly0IHbCa]  INFO - [DUPCHECK] foundAccount = [null]
23:11:45.800 [zApvly0IHbCa]  INFO - [DUPCHECK] There is no this identification. usable identification = [Test123]
23:15:25.528 [T6WV8qPeq3dB]  INFO - [DUPCHECK] foundAccount = [null]
23:15:25.529 [T6WV8qPeq3dB]  INFO - [DUPCHECK] There is no this identification. usable identification = [Test123]
23:17:04.482 [kXoWXkPFexDe]  INFO - [DUPCHECK] foundAccount = [null]
23:17:04.484 [kXoWXkPFexDe]  INFO - [DUPCHECK] There is no this identification. usable identification = [Test123]
